{
  "time": "2025-11-14T01:49:37.166Z",
  "insertErr": {
    "code": "PGRST204",
    "details": null,
    "hint": null,
    "message": "Could not find the 'telefone' column of 'usuarios' in the schema cache"
  },
  "profile": {
    "id": "e9bb33a0-93c8-4d0f-98e2-9c81cbf3cd3f",
    "nome": "CLI Test 1763084976152",
    "email": "cli-test+1763084976152@example.com",
    "cargo": "USUARIO",
    "telefone": "",
    "ra": "RA1763084976152",
    "created_at": "2025-11-14T01:49:37.063Z",
    "updated_at": "2025-11-14T01:49:37.063Z"
  }
}

{
  "time": "2025-11-14T01:49:59.513Z",
  "insertErr": {
    "code": "PGRST204",
    "details": null,
    "hint": null,
    "message": "Could not find the 'updated_at' column of 'usuarios' in the schema cache"
  },
  "profile": {
    "id": "7a91585d-6d50-4b0f-928a-e60ffcbef34b",
    "nome": "CLI Test 1763084998895",
    "email": "cli-test+1763084998895@example.com",
    "cargo": "USUARIO",
    "ra": "RA1763084998895",
    "created_at": "2025-11-14T01:49:59.395Z",
    "updated_at": "2025-11-14T01:49:59.395Z"
  }
}

{
  "time": "2025-11-14T01:50:47.547Z",
  "insertErr": {
    "code": "23502",
    "details": "Failing row contains (ea881287-11aa-4714-ae12-f92f8af156cf, CLI Test 1763085046795, cli-test+1763085046795@example.com, null, USUARIO, RA1763085046795, 2025-11-14 01:50:47.371733+00).",
    "hint": null,
    "message": "null value in column \"senha\" of relation \"usuarios\" violates not-null constraint"
  },
  "profile": {
    "id": "ea881287-11aa-4714-ae12-f92f8af156cf",
    "nome": "CLI Test 1763085046795",
    "email": "cli-test+1763085046795@example.com",
    "cargo": "USUARIO",
    "ra": "RA1763085046795"
  }
}

{
  "time": "2025-11-14T01:53:54.054Z",
  "insertErr": {
    "code": "PGRST204",
    "details": null,
    "hint": null,
    "message": "Could not find the 'telefone' column of 'usuarios' in the schema cache"
  },
  "profile": {
    "id": "0fe60180-091f-43c2-9c3d-c47993a1319d",
    "nome": "aluno",
    "email": "aluno@gmail.com",
    "cargo": "USUARIO",
    "ra": "11111111111111",
    "telefone": "1111111111111111111",
    "senha": "$argon2id$v=19$m=65536,t=3,p=4$XBEUh9wbHz3F8ANP0vj2Dg$dlMlV3Wm8f/VAUlEVRDsXM2qacKyir1r0Qcj9/Zw/iE"
  }
}

